Change Component Designator: Old Designator=C32 New Designator=C23
Change Component Designator: Old Designator=C33 New Designator=C24
Change Component Designator: Old Designator=C34 New Designator=C25
Change Component Designator: Old Designator=D7 New Designator=D4
Change Component Designator: Old Designator=D8 New Designator=D5
Change Component Designator: Old Designator=D9 New Designator=D6
Change Component Designator: Old Designator=D10 New Designator=D7
Change Component Designator: Old Designator=D11 New Designator=D8
Change Component Designator: Old Designator=D12 New Designator=D9
Change Component Designator: Old Designator=P28 New Designator=P24
Change Component Designator: Old Designator=P29 New Designator=P25
Change Component Designator: Old Designator=P30 New Designator=P26
Change Component Designator: Old Designator=P31 New Designator=P27
Change Component Designator: Old Designator=P32 New Designator=P28
Change Component Designator: Old Designator=R31 New Designator=R18
Change Component Designator: Old Designator=R32 New Designator=R19
Change Component Designator: Old Designator=R33 New Designator=R20
Change Component Designator: Old Designator=R34 New Designator=R21
Change Component Designator: Old Designator=R35 New Designator=R22
Change Component Designator: Old Designator=R36 New Designator=R23
Change Component Designator: Old Designator=R37 New Designator=R24
Change Component Designator: Old Designator=R38 New Designator=R25
Change Component Designator: Old Designator=U6 New Designator=U5
