Removed Pin From Net: NetName=RF_CS Pin=M8-5
Removed Pin From Net: NetName=DWM_nRST Pin=P27-1
Removed Pin From Net: NetName=GND Pin=P27-2
Removed Pin From Net: NetName=NetM1_2 Pin=R9-2
Removed Pin From Net: NetName=NetM1_4 Pin=R11-2
Removed Pin From Net: NetName=NetM2_2 Pin=R12-2
Removed Pin From Net: NetName=NetM2_4 Pin=R14-2
Removed Pin From Net: NetName=NetM1_4 Pin=S3-4
Removed Pin From Net: NetName=NetM1_2 Pin=S3-6
Removed Pin From Net: NetName=NetM2_4 Pin=S4-4
Removed Pin From Net: NetName=NetM2_2 Pin=S4-6
Removed Member From Class: ClassName=Decawave Member=P31
Change Component Designator: OldDesignator=C22 NewDesignator=C26
Change Component Designator: OldDesignator=C23 NewDesignator=C27
Change Component Designator: OldDesignator=C24 NewDesignator=C28
Change Component Designator: OldDesignator=C25 NewDesignator=C29
Change Component Designator: OldDesignator=C26 NewDesignator=C30
Change Component Designator: OldDesignator=C27 NewDesignator=C31
Change Component Designator: OldDesignator=C28 NewDesignator=C32
Change Component Designator: OldDesignator=C29 NewDesignator=C33
Change Component Designator: OldDesignator=C30 NewDesignator=C34
Change Component Designator: OldDesignator=C31 NewDesignator=C35
Change Component Designator: OldDesignator=C32 NewDesignator=C23
Change Component Designator: OldDesignator=C33 NewDesignator=C24
Change Component Designator: OldDesignator=C34 NewDesignator=C25
Change Component Designator: OldDesignator=C35 NewDesignator=C22
Change Component Designator: OldDesignator=D3 NewDesignator=D2
Change Component Designator: OldDesignator=D4 NewDesignator=D3
Change Component Designator: OldDesignator=D5 NewDesignator=D10
Change Component Designator: OldDesignator=D6 NewDesignator=D11
Change Component Designator: OldDesignator=D7 NewDesignator=D4
Change Component Designator: OldDesignator=D8 NewDesignator=D5
Change Component Designator: OldDesignator=D9 NewDesignator=D6
Change Component Designator: OldDesignator=D10 NewDesignator=D7
Change Component Designator: OldDesignator=D11 NewDesignator=D8
Change Component Designator: OldDesignator=D12 NewDesignator=D9
Change Component Designator: OldDesignator=M4 NewDesignator=M3
Change Component Designator: OldDesignator=M5 NewDesignator=M4
Change Component Designator: OldDesignator=M6 NewDesignator=M5
Change Component Designator: OldDesignator=M7 NewDesignator=M6
Change Component Designator: OldDesignator=M8 NewDesignator=M7
Change Component Designator: OldDesignator=M9 NewDesignator=M8
Change Component Designator: OldDesignator=M10 NewDesignator=M9
Change Component Designator: OldDesignator=P1 NewDesignator=P2
Change Component Designator: OldDesignator=P2 NewDesignator=P3
Change Component Designator: OldDesignator=P3 NewDesignator=P1
Change Component Designator: OldDesignator=P3 NewDesignator=P4
Change Component Designator: OldDesignator=P4 NewDesignator=P5
Change Component Designator: OldDesignator=P5 NewDesignator=P6
Change Component Designator: OldDesignator=P6 NewDesignator=P7
Change Component Designator: OldDesignator=P7 NewDesignator=P8
Change Component Designator: OldDesignator=P8 NewDesignator=P9
Change Component Designator: OldDesignator=P9 NewDesignator=P10
Change Component Designator: OldDesignator=P10 NewDesignator=P11
Change Component Designator: OldDesignator=P11 NewDesignator=P12
Change Component Designator: OldDesignator=P12 NewDesignator=P13
Change Component Designator: OldDesignator=P13 NewDesignator=P14
Change Component Designator: OldDesignator=P14 NewDesignator=P15
Change Component Designator: OldDesignator=P15 NewDesignator=P16
Change Component Designator: OldDesignator=P16 NewDesignator=P17
Change Component Designator: OldDesignator=P17 NewDesignator=P18
Change Component Designator: OldDesignator=P18 NewDesignator=P19
Change Component Designator: OldDesignator=P19 NewDesignator=P20
Change Component Designator: OldDesignator=P20 NewDesignator=P21
Change Component Designator: OldDesignator=P24 NewDesignator=P29
Change Component Designator: OldDesignator=P25 NewDesignator=P30
Change Component Designator: OldDesignator=P26 NewDesignator=P31
Change Component Designator: OldDesignator=P28 NewDesignator=P24
Change Component Designator: OldDesignator=P29 NewDesignator=P25
Change Component Designator: OldDesignator=P30 NewDesignator=P26
Change Component Designator: OldDesignator=P31 NewDesignator=P27
Change Component Designator: OldDesignator=P32 NewDesignator=P28
Change Component Designator: OldDesignator=R16 NewDesignator=R15
Change Component Designator: OldDesignator=R19 NewDesignator=R16
Change Component Designator: OldDesignator=R20 NewDesignator=R29
Change Component Designator: OldDesignator=R21 NewDesignator=R28
Change Component Designator: OldDesignator=R22 NewDesignator=R30
Change Component Designator: OldDesignator=R23 NewDesignator=R31
Change Component Designator: OldDesignator=R24 NewDesignator=R32
Change Component Designator: OldDesignator=R25 NewDesignator=R34
Change Component Designator: OldDesignator=R26 NewDesignator=R33
Change Component Designator: OldDesignator=R27 NewDesignator=R35
Change Component Designator: OldDesignator=R28 NewDesignator=R36
Change Component Designator: OldDesignator=R29 NewDesignator=R37
Change Component Designator: OldDesignator=R30 NewDesignator=R38
Change Component Designator: OldDesignator=R31 NewDesignator=R18
Change Component Designator: OldDesignator=R32 NewDesignator=R19
Change Component Designator: OldDesignator=R33 NewDesignator=R20
Change Component Designator: OldDesignator=R34 NewDesignator=R21
Change Component Designator: OldDesignator=R35 NewDesignator=R22
Change Component Designator: OldDesignator=R36 NewDesignator=R23
Change Component Designator: OldDesignator=R37 NewDesignator=R24
Change Component Designator: OldDesignator=R38 NewDesignator=R25
Change Component Designator: OldDesignator=U5 NewDesignator=U6
Change Component Designator: OldDesignator=U6 NewDesignator=U5
Added Component: Designator=R26(RES-SM-0805)
Add component. Clean all parameters for all variants
Add component (AddParameter): Name = "Local Supplier"; Value = "thegioiic"; VariantName = "[No Variations]"
Add component (AddParameter): Name = "Local Supplier Link"; Value = "https://thegioiic.com/products/dien-tro-1k-ohm-0805-5"; VariantName = "[No Variations]"
Add component (AddParameter): Name = "Manufacturer"; Value = "Stackpole Electronics Inc"; VariantName = "[No Variations]"
Add component (AddParameter): Name = "Manufacturer Part Number"; Value = "RNCP0805FTD1K00"; VariantName = "[No Variations]"
Add component (AddParameter): Name = "Supplier 1"; Value = "Digikey"; VariantName = "[No Variations]"
Add component (AddParameter): Name = "Supplier 1 Link"; Value = "https://www.digikey.com/product-detail/en/stackpole-electronics-inc/RNCP0805FTD1K00/RNCP0805FTD1K00CT-ND/2240568"; VariantName = "[No Variations]"
Add component (AddParameter): Name = "Supplier 1 Part Number"; Value = "RNCP0805FTD1K00CT-ND"; VariantName = "[No Variations]"
Add component (AddParameter): Name = "Value"; Value = "1K"; VariantName = "[No Variations]"
Added Component: Designator=R27(RES-SM-0805)
Add component. Clean all parameters for all variants
Add component (AddParameter): Name = "Local Supplier"; Value = "thegioiic"; VariantName = "[No Variations]"
Add component (AddParameter): Name = "Local Supplier Link"; Value = "https://thegioiic.com/products/dien-tro-1k-ohm-0805-5"; VariantName = "[No Variations]"
Add component (AddParameter): Name = "Manufacturer"; Value = "Stackpole Electronics Inc"; VariantName = "[No Variations]"
Add component (AddParameter): Name = "Manufacturer Part Number"; Value = "RNCP0805FTD1K00"; VariantName = "[No Variations]"
Add component (AddParameter): Name = "Supplier 1"; Value = "Digikey"; VariantName = "[No Variations]"
Add component (AddParameter): Name = "Supplier 1 Link"; Value = "https://www.digikey.com/product-detail/en/stackpole-electronics-inc/RNCP0805FTD1K00/RNCP0805FTD1K00CT-ND/2240568"; VariantName = "[No Variations]"
Add component (AddParameter): Name = "Supplier 1 Part Number"; Value = "RNCP0805FTD1K00CT-ND"; VariantName = "[No Variations]"
Add component (AddParameter): Name = "Value"; Value = "1K"; VariantName = "[No Variations]"
Added Pin To Net: NetName=RF_SET Pin=M7-5
Added Pin To Net: NetName=3V3_MC Pin=P7-1
Added Pin To Net: NetName=3V3_MC Pin=P8-1
Added Pin To Net: NetName=NetM1_4 Pin=R9-2
Added Pin To Net: NetName=NetM1_2 Pin=R11-2
Added Pin To Net: NetName=NetM2_4 Pin=R12-2
Added Pin To Net: NetName=NetM2_2 Pin=R14-2
Added Pin To Net: NetName=RF_CS Pin=R26-1
Added Pin To Net: NetName=GND Pin=R26-2
Added Pin To Net: NetName=RF_SET Pin=R27-1
Added Pin To Net: NetName=GND Pin=R27-2
Added Pin To Net: NetName=NetM1_2 Pin=S3-4
Added Pin To Net: NetName=NetM1_4 Pin=S3-6
Added Pin To Net: NetName=NetM2_2 Pin=S4-4
Added Pin To Net: NetName=NetM2_4 Pin=S4-6
Change Net Name : Old Net Name=NetC23_2 New Net Name=NetC27_2
Change Net Name : Old Net Name=NetC25_2 New Net Name=NetC29_2
Change Net Name : Old Net Name=NetD3_2 New Net Name=NetD2_2
Change Net Name : Old Net Name=NetD4_2 New Net Name=NetD3_2
Change Net Name : Old Net Name=NetD5_1 New Net Name=NetD10_1
Change Net Name : Old Net Name=NetD5_2 New Net Name=NetD10_2
Change Net Name : Old Net Name=NetD7_1 New Net Name=NetD4_1
Change Net Name : Old Net Name=NetD7_2 New Net Name=NetD4_2
Change Net Name : Old Net Name=NetD8_1 New Net Name=NetD5_1
Change Net Name : Old Net Name=NetD8_2 New Net Name=NetD5_2
Change Net Name : Old Net Name=NetD9_1 New Net Name=NetD6_1
Change Net Name : Old Net Name=NetD9_2 New Net Name=NetD6_2
Change Net Name : Old Net Name=NetD10_1 New Net Name=NetD7_1
Change Net Name : Old Net Name=NetD10_2 New Net Name=NetD7_2
Change Net Name : Old Net Name=NetD11_2 New Net Name=NetD8_2
Change Net Name : Old Net Name=NetD12_2 New Net Name=NetD9_2
Change Net Name : Old Net Name=NetM5_11 New Net Name=NetM4_11
Change Net Name : Old Net Name=NetM5_24 New Net Name=NetM4_24
Change Net Name : Old Net Name=NetM5_31 New Net Name=NetM4_31
Change Net Name : Old Net Name=NetM6_3 New Net Name=NetM5_3
Change Net Name : Old Net Name=NetM6_4 New Net Name=NetM5_4
Change Net Name : Old Net Name=NetM6_5 New Net Name=NetM5_5
Change Net Name : Old Net Name=NetM6_6 New Net Name=NetM5_6
Change Net Name : Old Net Name=NetM6_7 New Net Name=NetM5_7
Change Net Name : Old Net Name=NetM6_8 New Net Name=NetM5_8
Change Net Name : Old Net Name=NetR21_1 New Net Name=NetR28_1
Change Net Name : Old Net Name=NetR26_2 New Net Name=NetR33_2
Added Member To Class: ClassName=RF Member=Component R26 Res-1K-0805
Added Member To Class: ClassName=RF Member=Component R27 Res-1K-0805
