Change Component Designator: Old Designator=C26 New Designator=C30
Change Component Designator: Old Designator=C27 New Designator=C31
Change Component Designator: Old Designator=C28 New Designator=C32
Change Component Designator: Old Designator=C29 New Designator=C33
Change Component Designator: Old Designator=C30 New Designator=C34
Change Component Designator: Old Designator=C31 New Designator=C35
Change Component Designator: Old Designator=D5 New Designator=D10
Change Component Designator: Old Designator=D6 New Designator=D11
Change Component Designator: Old Designator=M10 New Designator=M9
Change Component Designator: Old Designator=R20 New Designator=R29
Change Component Designator: Old Designator=R21 New Designator=R28
Change Component Designator: Old Designator=R22 New Designator=R30
Change Component Designator: Old Designator=R23 New Designator=R31
Change Component Designator: Old Designator=R24 New Designator=R32
Change Component Designator: Old Designator=R25 New Designator=R34
Change Component Designator: Old Designator=R26 New Designator=R33
Change Component Designator: Old Designator=R27 New Designator=R35
Change Component Designator: Old Designator=R28 New Designator=R36
Change Component Designator: Old Designator=R29 New Designator=R37
Change Component Designator: Old Designator=R30 New Designator=R38
Change Component Designator: Old Designator=U5 New Designator=U6
